<?xml version="1.0" encoding="UTF-8"?>
<!-- Generated by org.testng.reporters.JUnitXMLReporter -->
<testsuite hostname="Amits-2018-MBP.T-mobile.com" ignored="0" name="Default test" tests="4" failures="0" timestamp="07 Nov 2018 21:32:56 GMT" time="73.195" errors="0">
  <testcase name="createNewContactTest" time="8.266" classname="com.qa.hubspot.tests.ContactsPageTest"/>
  <testcase name="clickOnContactsMenuUnderContactsLinkTest" time="1.888" classname="com.qa.hubspot.tests.ContactsPageTest"/>
  <testcase name="verifyContactsPageHeaderTest" time="3.11" classname="com.qa.hubspot.tests.ContactsPageTest"/>
  <testcase name="deleteContactsTest" time="4.378" classname="com.qa.hubspot.tests.ContactsPageTest"/>
</testsuite> <!-- Default test -->
